<?xml version="1.0" encoding="UTF-8"?>
<testsuite name="org.cap.bank.test.ParameterizedTestCase" tests="4" skipped="0" failures="0" errors="0" timestamp="2016-10-20T10:06:11" hostname="LIN73000499" time="0.002">
  <properties/>
  <testcase name="testMyAddnumberMethod[0]" classname="org.cap.bank.test.ParameterizedTestCase" time="0.0"/>
  <testcase name="testMyAddnumberMethod[1]" classname="org.cap.bank.test.ParameterizedTestCase" time="0.0"/>
  <testcase name="testMyAddnumberMethod[2]" classname="org.cap.bank.test.ParameterizedTestCase" time="0.0"/>
  <testcase name="testMyAddnumberMethod[3]" classname="org.cap.bank.test.ParameterizedTestCase" time="0.0"/>
  <system-out><![CDATA[]]></system-out>
  <system-err><![CDATA[]]></system-err>
</testsuite>
